	This is a multidimensional Weighted-Histrogram Analysis program 
writting in C++.  For more information about the algorithm employed, 
refer to 'BEFEUS: Bayesian Estimation of Free Energy for Umbrella 
Sampling' by Dr. Daniel L. Ensign. 
	Currently, this build can only handle up to 3 degrees of freedom, 
but has only been tested up to 2. 
	NOTE 1: Be sure to make sure the file list format correctly adheres 
to what is listed under the --filelist option information.  The trajectory # 
needs to be unique for each individual simulation.  This parameter is 
used to group different degrees of freedom to the same biased 
trajectory.  The numbering can start at 0 -or- 1. 
	NOTE 2:  When using the --first_frame and --last_frame flags, the 
selection will show up at the begining and the end of the run, but the number 
of frames in each trajectory will still be listed as the total number of 
frames for the trajectory, rather than however many were used. 
	NOTE 3: When assigning bin widths and coordinate ranges, use multiple 
invocations of -w or include the values as a string within quotations (the 
order is the same order as the dimensions are listed in the --filelist file). 
	NOTE 4: Make sure the unit (X) on --min/max_coordinate and --bin_width 
match the coordinate bias value, flat range, and force constant in the 
--filelist input.
	NOTE 4: Assuming every trajectory has the same number of frames.  I can fix this assumption, but for now it's easier not to. 

Options:
  -h [ --help ] 
  -f [ --filelist ] arg                 File containting a list of trajectories
                                        and information about the umbrella 
                                        potentials applied.
                                        Fromat: <trajectory #> <coordinate 
                                        file> <coordinate bias value (X)> <flat
                                        range (X)> <force constant (kJ mol^-1 
                                        X^-2)> <temperature (K)>
  -o [ --out ] arg                      Output file name
  -b [ --first_frame ] arg (=0)         First frame to read
  -e [ --last_frame ] arg (=last frame) Last frame to read, where <-e> is an 
                                        integer
  -t [ --temperature ] arg (=300)       Temperature (K)
  -n [ --min_coordinate ] arg           Minimum value of reaction coordinate. 
                                        Default: -180 (X)
  -x [ --max_coordinate ] arg           Maximum value of reaction coordinate. 
                                        Default:  180 (X)
  -w [ --bin_width ] arg                Bin width. Default: 5 (X)
  -d [ --dof ] arg (=1)                 Number of degrees of freedom being 
                                        biased
  -l [ --tolerance ] arg (=1e-12)       Convergence tolerance for monte carlo
  -i [ --iterations ] arg (=5e5)        Maximum number of iterations
  -c [ --convergence ] arg (=Off)       Perform WHAM every <-c> steps, where 
                                        <-c> is an integer
  -v [ --bVerbose ]                     Print extra information
--------------------------------------------------------------------------------
Will read </Users/ritchie/Documents/Classes/S14/CH393L/project/wham/test_scripts/quad/1D_list.file> from frame 0 to -1.
Temperature = 300 K
Thermal Energy = 2.43943 kJ/mol
Biasing coordinate range(s) : Bin width(s) = 
		-180 to 180 : 5
Degrees of freedom = 1
Will iterate up to 500000 times or until converged to 1e-12.
Will write to /Users/ritchie/Documents/Classes/S14/CH393L/project/wham/test_scripts/quad/1D_list.file.h5
--------------------------------------------------------------------------------
25  to 25
26  to 26
27  to 27
27  to 27
27  to 27
28  to 28
46  to 46
28  to 28
26  to 26
24  to 24
25  to 25
47  to 47
45  to 45
26  to 26
24  to 24
47  to 47
26  to 26
45  to 45
43  to 43
25  to 25
45  to 45
26  to 26
26  to 26
45  to 45
26  to 26
42  to 42
44  to 44
28  to 28
43  to 43
48  to 48
27  to 27
46  to 46
45  to 45
24  to 24
25  to 25
44  to 44
24  to 24
46  to 46
27  to 27
27  to 27
25  to 25
28  to 28
44  to 44
28  to 28
26  to 26
24  to 24
29  to 29
44  to 44
28  to 28
29  to 29
25  to 25
26  to 26
42  to 42
43  to 43
28  to 28
26  to 26
46  to 46
42  to 42
43  to 43
29  to 29
26  to 26
26  to 26
30  to 30
41  to 41
28  to 28
25  to 25
44  to 44
46  to 46
29  to 29
42  to 42
31  to 31
24  to 24
25  to 25
27  to 27
27  to 27
27  to 27
27  to 27
24  to 24
44  to 44
43  to 43
28  to 28
25  to 25
28  to 28
45  to 45
27  to 27
44  to 44
44  to 44
27  to 27
25  to 25
45  to 45
45  to 45
26  to 26
27  to 27
27  to 27
28  to 28
44  to 44
25  to 25
45  to 45
27  to 27
45  to 45
46  to 46
26  to 26
27  to 27
45  to 45
26  to 26
24  to 24
45  to 45
27  to 27
44  to 44
45  to 45
26  to 26
25  to 25
26  to 26
27  to 27
26  to 26
25  to 25
45  to 45
45  to 45
28  to 28
45  to 45
44  to 44
28  to 28
43  to 43
45  to 45
26  to 26
44  to 44
45  to 45
25  to 25
44  to 44
28  to 28
26  to 26
28  to 28
45  to 45
44  to 44
25  to 25
24  to 24
44  to 44
26  to 26
29  to 29
30  to 30
28  to 28
43  to 43
27  to 27
27  to 27
28  to 28
42  to 42
46  to 46
28  to 28
42  to 42
27  to 27
26  to 26
27  to 27
26  to 26
45  to 45
26  to 26
29  to 29
45  to 45
25  to 25
45  to 45
28  to 28
27  to 27
45  to 45
28  to 28
26  to 26
45  to 45
45  to 45
46  to 46
25  to 25
28  to 28
44  to 44
43  to 43
45  to 45
45  to 45
43  to 43
27  to 27
45  to 45
45  to 45
44  to 44
29  to 29
31  to 31
42  to 42
27  to 27
44  to 44
45  to 45
24  to 24
26  to 26
44  to 44
43  to 43
28  to 28
28  to 28
43  to 43
45  to 45
28  to 28
28  to 28
47  to 47
44  to 44
26  to 26
25  to 25
28  to 28
44  to 44
46  to 46
48  to 48
48  to 48
46  to 46
46  to 46
45  to 45
44  to 44
45  to 45
46  to 46
45  to 45
48  to 48
47  to 47
45  to 45
46  to 46
46  to 46
43  to 43
47  to 47
45  to 45
45  to 45
44  to 44
45  to 45
46  to 46
45  to 45
47  to 47
45  to 45
46  to 46
45  to 45
45  to 45
46  to 46
44  to 44
45  to 45
45  to 45
45  to 45
43  to 43
46  to 46
43  to 43
44  to 44
45  to 45
48  to 48
46  to 46
50  to 50
44  to 44
44  to 44
45  to 45
46  to 46
46  to 46
46  to 46
46  to 46
45  to 45
48  to 48
46  to 46
47  to 47
43  to 43
46  to 46
45  to 45
45  to 45
48  to 48
49  to 49
45  to 45
45  to 45
45  to 45
45  to 45
47  to 47
45  to 45
45  to 45
47  to 47
46  to 46
47  to 47
46  to 46
45  to 45
44  to 44
45  to 45
46  to 46
44  to 44
48  to 48
44  to 44
46  to 46
46  to 46
45  to 45
45  to 45
46  to 46
47  to 47
43  to 43
45  to 45
45  to 45
49  to 49
45  to 45
46  to 46
47  to 47
47  to 47
47  to 47
48  to 48
47  to 47
46  to 46
45  to 45
44  to 44
46  to 46
45  to 45
46  to 46
47  to 47
48  to 48
45  to 45
46  to 46
45  to 45
44  to 44
45  to 45
45  to 45
45  to 45
48  to 48
45  to 45
47  to 47
44  to 44
47  to 47
46  to 46
47  to 47
49  to 49
50  to 50
45  to 45
47  to 47
46  to 46
48  to 48
47  to 47
46  to 46
46  to 46
46  to 46
46  to 46
47  to 47
48  to 48
48  to 48
45  to 45
47  to 47
46  to 46
47  to 47
46  to 46
44  to 44
42  to 42
47  to 47
45  to 45
47  to 47
44  to 44
45  to 45
45  to 45
47  to 47
45  to 45
46  to 46
45  to 45
46  to 46
46  to 46
46  to 46
48  to 48
46  to 46
46  to 46
42  to 42
47  to 47
47  to 47
47  to 47
45  to 45
49  to 49
46  to 46
45  to 45
47  to 47
47  to 47
46  to 46
45  to 45
46  to 46
51  to 51
45  to 45
46  to 46
44  to 44
50  to 50
43  to 43
47  to 47
45  to 45
46  to 46
46  to 46
46  to 46
45  to 45
47  to 47
47  to 47
44  to 44
46  to 46
44  to 44
45  to 45
47  to 47
46  to 46
46  to 46
44  to 44
45  to 45
48  to 48
44  to 44
46  to 46
46  to 46
46  to 46
47  to 47
46  to 46
44  to 44
47  to 47
45  to 45
43  to 43
45  to 45
45  to 45
45  to 45
49  to 49
48  to 48
48  to 48
50  to 50
51  to 51
47  to 47
47  to 47
47  to 47
52  to 52
45  to 45
44  to 44
52  to 52
48  to 48
47  to 47
48  to 48
46  to 46
49  to 49
49  to 49
50  to 50
48  to 48
46  to 46
49  to 49
49  to 49
48  to 48
49  to 49
45  to 45
49  to 49
49  to 49
49  to 49
46  to 46
51  to 51
47  to 47
46  to 46
47  to 47
47  to 47
49  to 49
48  to 48
51  to 51
48  to 48
50  to 50
48  to 48
48  to 48
47  to 47
48  to 48
48  to 48
48  to 48
45  to 45
49  to 49
50  to 50
46  to 46
48  to 48
47  to 47
47  to 47
49  to 49
47  to 47
48  to 48
50  to 50
47  to 47
47  to 47
46  to 46
48  to 48
48  to 48
47  to 47
48  to 48
48  to 48
46  to 46
49  to 49
48  to 48
51  to 51
48  to 48
46  to 46
48  to 48
49  to 49
49  to 49
48  to 48
48  to 48
46  to 46
46  to 46
46  to 46
50  to 50
50  to 50
46  to 46
48  to 48
48  to 48
47  to 47
48  to 48
47  to 47
46  to 46
46  to 46
47  to 47
47  to 47
49  to 49
47  to 47
45  to 45
47  to 47
47  to 47
47  to 47
48  to 48
47  to 47
50  to 50
49  to 49
48  to 48
45  to 45
48  to 48
51  to 51
47  to 47
48  to 48
47  to 47
51  to 51
47  to 47
45  to 45
49  to 49
46  to 46
48  to 48
49  to 49
48  to 48
47  to 47
49  to 49
45  to 45
48  to 48
48  to 48
49  to 49
48  to 48
46  to 46
47  to 47
49  to 49
48  to 48
46  to 46
46  to 46
50  to 50
47  to 47
51  to 51
50  to 50
47  to 47
45  to 45
48  to 48
45  to 45
46  to 46
47  to 47
49  to 49
49  to 49
49  to 49
45  to 45
48  to 48
48  to 48
48  to 48
45  to 45
47  to 47
47  to 47
47  to 47
46  to 46
49  to 49
50  to 50
49  to 49
48  to 48
47  to 47
48  to 48
48  to 48
48  to 48
48  to 48
50  to 50
47  to 47
48  to 48
46  to 46
48  to 48
49  to 49
46  to 46
47  to 47
50  to 50
47  to 47
47  to 47
50  to 50
46  to 46
49  to 49
48  to 48
44  to 44
47  to 47
48  to 48
46  to 46
51  to 51
48  to 48
50  to 50
46  to 46
46  to 46
47  to 47
47  to 47
48  to 48
47  to 47
51  to 51
48  to 48
49  to 49
50  to 50
50  to 50
48  to 48
48  to 48
48  to 48
48  to 48
47  to 47
53  to 53
52  to 52
49  to 49
50  to 50
51  to 51
51  to 51
49  to 49
51  to 51
48  to 48
50  to 50
48  to 48
49  to 49
53  to 53
48  to 48
52  to 52
54  to 54
48  to 48
52  to 52
50  to 50
50  to 50
51  to 51
50  to 50
50  to 50
50  to 50
50  to 50
57  to 57
56  to 56
57  to 57
49  to 49
49  to 49
48  to 48
47  to 47
49  to 49
49  to 49
53  to 53
50  to 50
50  to 50
50  to 50
51  to 51
50  to 50
54  to 54
52  to 52
50  to 50
52  to 52
52  to 52
50  to 50
53  to 53
52  to 52
48  to 48
53  to 53
48  to 48
60  to 60
49  to 49
48  to 48
51  to 51
52  to 52
50  to 50
50  to 50
50  to 50
52  to 52
49  to 49
51  to 51
48  to 48
52  to 52
51  to 51
51  to 51
52  to 52
48  to 48
54  to 54
52  to 52
56  to 56
50  to 50
50  to 50
49  to 49
51  to 51
49  to 49
51  to 51
51  to 51
49  to 49
49  to 49
51  to 51
54  to 54
54  to 54
51  to 51
54  to 54
51  to 51
51  to 51
50  to 50
51  to 51
49  to 49
53  to 53
48  to 48
56  to 56
52  to 52
49  to 49
50  to 50
53  to 53
51  to 51
50  to 50
52  to 52
49  to 49
52  to 52
51  to 51
50  to 50
51  to 51
50  to 50
54  to 54
52  to 52
55  to 55
49  to 49
53  to 53
53  to 53
56  to 56
56  to 56
48  to 48
49  to 49
52  to 52
53  to 53
48  to 48
50  to 50
49  to 49
54  to 54
48  to 48
53  to 53
52  to 52
55  to 55
54  to 54
49  to 49
50  to 50
52  to 52
48  to 48
48  to 48
49  to 49
54  to 54
52  to 52
51  to 51
52  to 52
48  to 48
49  to 49
53  to 53
50  to 50
54  to 54
50  to 50
50  to 50
49  to 49
50  to 50
52  to 52
54  to 54
53  to 53
48  to 48
54  to 54
54  to 54
50  to 50
52  to 52
50  to 50
50  to 50
50  to 50
47  to 47
51  to 51
52  to 52
51  to 51
51  to 51
51  to 51
53  to 53
47  to 47
52  to 52
50  to 50
53  to 53
59  to 59
50  to 50
54  to 54
51  to 51
47  to 47
50  to 50
56  to 56
47  to 47
52  to 52
49  to 49
49  to 49
57  to 57
52  to 52
52  to 52
51  to 51
52  to 52
49  to 49
51  to 51
51  to 51
55  to 55
54  to 54
52  to 52
52  to 52
52  to 52
49  to 49
46  to 46
53  to 53
51  to 51
54  to 54
50  to 50
50  to 50
49  to 49
56  to 56
60  to 60
51  to 51
57  to 57
56  to 56
58  to 58
60  to 60
62  to 62
63  to 63
60  to 60
65  to 65
54  to 54
64  to 64
64  to 64
61  to 61
59  to 59
61  to 61
57  to 57
50  to 50
65  to 65
60  to 60
57  to 57
63  to 63
57  to 57
64  to 64
65  to 65
62  to 62
59  to 59
64  to 64
60  to 60
62  to 62
59  to 59
58  to 58
62  to 62
59  to 59
56  to 56
59  to 59
58  to 58
58  to 58
55  to 55
64  to 64
55  to 55
59  to 59
50  to 50
59  to 59
63  to 63
64  to 64
64  to 64
61  to 61
57  to 57
64  to 64
65  to 65
65  to 65
61  to 61
60  to 60
67  to 67
58  to 58
62  to 62
62  to 62
66  to 66
63  to 63
56  to 56
56  to 56
58  to 58
56  to 56
66  to 66
66  to 66
57  to 57
59  to 59
56  to 56
58  to 58
61  to 61
67  to 67
54  to 54
58  to 58
67  to 67
62  to 62
66  to 66
62  to 62
59  to 59
69  to 69
63  to 63
63  to 63
60  to 60
62  to 62
66  to 66
54  to 54
67  to 67
58  to 58
59  to 59
66  to 66
63  to 63
53  to 53
65  to 65
59  to 59
57  to 57
64  to 64
59  to 59
65  to 65
66  to 66
55  to 55
61  to 61
67  to 67
62  to 62
62  to 62
59  to 59
61  to 61
63  to 63
60  to 60
63  to 63
56  to 56
59  to 59
57  to 57
57  to 57
64  to 64
68  to 68
56  to 56
63  to 63
60  to 60
61  to 61
66  to 66
59  to 59
60  to 60
59  to 59
52  to 52
69  to 69
57  to 57
63  to 63
58  to 58
66  to 66
58  to 58
60  to 60
61  to 61
54  to 54
65  to 65
66  to 66
61  to 61
57  to 57
55  to 55
62  to 62
66  to 66
62  to 62
62  to 62
56  to 56
59  to 59
70  to 70
61  to 61
60  to 60
66  to 66
61  to 61
53  to 53
60  to 60
55  to 55
59  to 59
58  to 58
67  to 67
62  to 62
60  to 60
63  to 63
59  to 59
68  to 68
63  to 63
53  to 53
59  to 59
60  to 60
67  to 67
65  to 65
62  to 62
61  to 61
58  to 58
57  to 57
59  to 59
55  to 55
64  to 64
61  to 61
62  to 62
57  to 57
61  to 61
59  to 59
55  to 55
54  to 54
67  to 67
63  to 63
57  to 57
59  to 59
56  to 56
56  to 56
59  to 59
60  to 60
70  to 70
59  to 59
61  to 61
61  to 61
62  to 62
62  to 62
58  to 58
55  to 55
59  to 59
63  to 63
62  to 62
67  to 67
66  to 66
67  to 67
67  to 67
69  to 69
69  to 69
68  to 68
69  to 69
67  to 67
68  to 68
67  to 67
70  to 70
69  to 69
68  to 68
71  to 71
71  to 71
69  to 69
63  to 63
70  to 70
70  to 70
69  to 69
66  to 66
68  to 68
60  to 60
68  to 68
59  to 59
70  to 70
70  to 70
69  to 69
71  to 71
68  to 68
68  to 68
67  to 67
69  to 69
69  to 69
67  to 67
70  to 70
70  to 70
69  to 69
71  to 71
69  to 69
70  to 70
1  to 1
66  to 66
69  to 69
68  to 68
68  to 68
66  to 66
69  to 69
70  to 70
68  to 68
68  to 68
1  to 1
69  to 69
0  to 0
71  to 71
69  to 69
67  to 67
69  to 69
68  to 68
70  to 70
70  to 70
0  to 0
68  to 68
69  to 69
67  to 67
68  to 68
71  to 71
70  to 70
70  to 70
70  to 70
70  to 70
67  to 67
68  to 68
67  to 67
69  to 69
69  to 69
70  to 70
69  to 69
62  to 62
68  to 68
70  to 70
64  to 64
69  to 69
1  to 1
68  to 68
64  to 64
69  to 69
70  to 70
67  to 67
64  to 64
70  to 70
69  to 69
69  to 69
68  to 68
71  to 71
0  to 0
64  to 64
70  to 70
0  to 0
70  to 70
67  to 67
69  to 69
71  to 71
69  to 69
67  to 67
68  to 68
70  to 70
70  to 70
66  to 66
64  to 64
68  to 68
70  to 70
70  to 70
68  to 68
67  to 67
68  to 68
69  to 69
70  to 70
67  to 67
66  to 66
71  to 71
70  to 70
68  to 68
70  to 70
68  to 68
69  to 69
66  to 66
0  to 0
71  to 71
66  to 66
70  to 70
71  to 71
71  to 71
67  to 67
65  to 65
69  to 69
70  to 70
67  to 67
68  to 68
70  to 70
68  to 68
68  to 68
69  to 69
68  to 68
67  to 67
68  to 68
71  to 71
68  to 68
68  to 68
71  to 71
70  to 70
71  to 71
64  to 64
68  to 68
71  to 71
70  to 70
68  to 68
70  to 70
67  to 67
69  to 69
68  to 68
69  to 69
67  to 67
70  to 70
70  to 70
70  to 70
68  to 68
0  to 0
66  to 66
69  to 69
66  to 66
70  to 70
69  to 69
70  to 70
69  to 69
68  to 68
71  to 71
70  to 70
69  to 69
66  to 66
64  to 64
69  to 69
0  to 0
65  to 65
71  to 71
69  to 69
69  to 69
63  to 63
64  to 64
70  to 70
69  to 69
68  to 68
66  to 66
69  to 69
71  to 71
70  to 70
69  to 69
65  to 65
69  to 69
2  to 2
70  to 70
70  to 70
70  to 70
70  to 70
0  to 0
0  to 0
70  to 70
2  to 2
68  to 68
0  to 0
0  to 0
0  to 0
2  to 2
1  to 1
1  to 1
71  to 71
3  to 3
0  to 0
2  to 2
3  to 3
70  to 70
70  to 70
69  to 69
71  to 71
2  to 2
67  to 67
71  to 71
1  to 1
70  to 70
70  to 70
71  to 71
0  to 0
2  to 2
2  to 2
70  to 70
70  to 70
70  to 70
70  to 70
0  to 0
70  to 70
0  to 0
70  to 70
0  to 0
1  to 1
70  to 70
70  to 70
2  to 2
69  to 69
71  to 71
70  to 70
70  to 70
1  to 1
71  to 71
71  to 71
0  to 0
0  to 0
0  to 0
0  to 0
0  to 0
0  to 0
1  to 1
70  to 70
71  to 71
71  to 71
67  to 67
0  to 0
2  to 2
71  to 71
0  to 0
68  to 68
0  to 0
71  to 71
71  to 71
70  to 70
70  to 70
1  to 1
1  to 1
70  to 70
0  to 0
71  to 71
70  to 70
1  to 1
0  to 0
1  to 1
1  to 1
0  to 0
1  to 1
71  to 71
70  to 70
0  to 0
0  to 0
0  to 0
2  to 2
3  to 3
0  to 0
0  to 0
71  to 71
70  to 70
0  to 0
69  to 69
5  to 5
0  to 0
2  to 2
1  to 1
71  to 71
0  to 0
71  to 71
0  to 0
3  to 3
71  to 71
69  to 69
69  to 69
0  to 0
71  to 71
1  to 1
0  to 0
1  to 1
3  to 3
2  to 2
3  to 3
1  to 1
71  to 71
71  to 71
1  to 1
1  to 1
2  to 2
2  to 2
2  to 2
71  to 71
2  to 2
0  to 0
69  to 69
70  to 70
0  to 0
71  to 71
1  to 1
71  to 71
3  to 3
2  to 2
3  to 3
2  to 2
68  to 68
0  to 0
0  to 0
71  to 71
70  to 70
70  to 70
2  to 2
71  to 71
71  to 71
4  to 4
1  to 1
71  to 71
0  to 0
71  to 71
68  to 68
69  to 69
69  to 69
71  to 71
2  to 2
0  to 0
3  to 3
71  to 71
1  to 1
71  to 71
1  to 1
1  to 1
71  to 71
5  to 5
70  to 70
0  to 0
1  to 1
0  to 0
69  to 69
2  to 2
68  to 68
2  to 2
70  to 70
71  to 71
70  to 70
0  to 0
0  to 0
71  to 71
70  to 70
70  to 70
71  to 71
0  to 0
1  to 1
0  to 0
1  to 1
2  to 2
70  to 70
71  to 71
70  to 70
1  to 1
2  to 2
0  to 0
1  to 1
67  to 67
0  to 0
2  to 2
1  to 1
2  to 2
6  to 6
4  to 4
2  to 2
7  to 7
2  to 2
2  to 2
0  to 0
2  to 2
1  to 1
2  to 2
1  to 1
1  to 1
70  to 70
6  to 6
3  to 3
0  to 0
2  to 2
4  to 4
2  to 2
2  to 2
71  to 71
2  to 2
2  to 2
8  to 8
1  to 1
1  to 1
3  to 3
2  to 2
6  to 6
70  to 70
3  to 3
3  to 3
2  to 2
0  to 0
1  to 1
0  to 0
1  to 1
1  to 1
2  to 2
2  to 2
3  to 3
2  to 2
2  to 2
1  to 1
5  to 5
3  to 3
2  to 2
4  to 4
1  to 1
3  to 3
1  to 1
2  to 2
2  to 2
2  to 2
3  to 3
1  to 1
5  to 5
5  to 5
1  to 1
0  to 0
6  to 6
1  to 1
1  to 1
2  to 2
1  to 1
0  to 0
3  to 3
1  to 1
3  to 3
3  to 3
3  to 3
10  to 10
3  to 3
5  to 5
2  to 2
3  to 3
3  to 3
3  to 3
1  to 1
4  to 4
1  to 1
1  to 1
2  to 2
3  to 3
3  to 3
5  to 5
1  to 1
2  to 2
2  to 2
2  to 2
2  to 2
71  to 71
4  to 4
5  to 5
3  to 3
1  to 1
2  to 2
2  to 2
3  to 3
3  to 3
3  to 3
2  to 2
5  to 5
4  to 4
0  to 0
6  to 6
70  to 70
3  to 3
4  to 4
3  to 3
2  to 2
3  to 3
1  to 1
2  to 2
0  to 0
2  to 2
4  to 4
3  to 3
4  to 4
0  to 0
4  to 4
2  to 2
2  to 2
5  to 5
1  to 1
5  to 5
2  to 2
3  to 3
2  to 2
2  to 2
3  to 3
70  to 70
69  to 69
0  to 0
0  to 0
8  to 8
1  to 1
4  to 4
1  to 1
5  to 5
1  to 1
0  to 0
7  to 7
4  to 4
3  to 3
2  to 2
2  to 2
3  to 3
2  to 2
2  to 2
5  to 5
1  to 1
2  to 2
4  to 4
3  to 3
3  to 3
1  to 1
5  to 5
2  to 2
1  to 1
0  to 0
3  to 3
3  to 3
2  to 2
3  to 3
5  to 5
1  to 1
2  to 2
1  to 1
2  to 2
2  to 2
3  to 3
2  to 2
70  to 70
3  to 3
1  to 1
71  to 71
6  to 6
4  to 4
71  to 71
3  to 3
2  to 2
2  to 2
7  to 7
1  to 1
0  to 0
3  to 3
1  to 1
0  to 0
0  to 0
2  to 2
1  to 1
3  to 3
2  to 2
5  to 5
1  to 1
9  to 9
22  to 22
14  to 14
11  to 11
12  to 12
9  to 9
12  to 12
9  to 9
8  to 8
11  to 11
13  to 13
18  to 18
3  to 3
7  to 7
12  to 12
8  to 8
13  to 13
7  to 7
5  to 5
4  to 4
11  to 11
9  to 9
9  to 9
11  to 11
12  to 12
7  to 7
16  to 16
5  to 5
15  to 15
6  to 6
14  to 14
14  to 14
12  to 12
14  to 14
13  to 13
7  to 7
7  to 7
21  to 21
6  to 6
12  to 12
3  to 3
15  to 15
13  to 13
15  to 15
11  to 11
9  to 9
7  to 7
7  to 7
10  to 10
13  to 13
9  to 9
11  to 11
6  to 6
9  to 9
11  to 11
12  to 12
6  to 6
9  to 9
10  to 10
10  to 10
10  to 10
12  to 12
8  to 8
11  to 11
13  to 13
12  to 12
7  to 7
7  to 7
10  to 10
11  to 11
14  to 14
6  to 6
4  to 4
11  to 11
9  to 9
19  to 19
15  to 15
12  to 12
10  to 10
13  to 13
12  to 12
14  to 14
7  to 7
9  to 9
12  to 12
13  to 13
14  to 14
14  to 14
8  to 8
8  to 8
12  to 12
15  to 15
13  to 13
17  to 17
4  to 4
7  to 7
12  to 12
5  to 5
12  to 12
17  to 17
10  to 10
14  to 14
7  to 7
8  to 8
15  to 15
13  to 13
5  to 5
8  to 8
10  to 10
10  to 10
11  to 11
10  to 10
13  to 13
15  to 15
8  to 8
13  to 13
10  to 10
6  to 6
8  to 8
15  to 15
6  to 6
16  to 16
7  to 7
13  to 13
6  to 6
12  to 12
3  to 3
10  to 10
13  to 13
8  to 8
8  to 8
11  to 11
16  to 16
10  to 10
4  to 4
7  to 7
16  to 16
4  to 4
3  to 3
5  to 5
8  to 8
15  to 15
10  to 10
13  to 13
9  to 9
11  to 11
2  to 2
6  to 6
12  to 12
12  to 12
13  to 13
8  to 8
5  to 5
11  to 11
14  to 14
15  to 15
14  to 14
12  to 12
12  to 12
6  to 6
7  to 7
10  to 10
15  to 15
3  to 3
7  to 7
15  to 15
11  to 11
8  to 8
10  to 10
12  to 12
10  to 10
19  to 19
7  to 7
15  to 15
11  to 11
4  to 4
15  to 15
16  to 16
6  to 6
9  to 9
9  to 9
12  to 12
4  to 4
9  to 9
18  to 18
1  to 1
17  to 17
14  to 14
6  to 6
14  to 14
12  to 12
12  to 12
12  to 12
15  to 15
13  to 13
18  to 18
13  to 13
6  to 6
11  to 11
12  to 12
18  to 18
22  to 22
18  to 18
17  to 17
23  to 23
21  to 21
19  to 19
20  to 20
20  to 20
22  to 22
19  to 19
18  to 18
19  to 19
22  to 22
22  to 22
23  to 23
23  to 23
20  to 20
19  to 19
18  to 18
20  to 20
23  to 23
21  to 21
22  to 22
22  to 22
17  to 17
16  to 16
20  to 20
22  to 22
19  to 19
23  to 23
19  to 19
20  to 20
23  to 23
14  to 14
22  to 22
18  to 18
14  to 14
16  to 16
17  to 17
17  to 17
21  to 21
20  to 20
20  to 20
19  to 19
23  to 23
17  to 17
24  to 24
21  to 21
24  to 24
23  to 23
14  to 14
18  to 18
14  to 14
21  to 21
22  to 22
19  to 19
21  to 21
17  to 17
22  to 22
19  to 19
22  to 22
20  to 20
22  to 22
15  to 15
22  to 22
23  to 23
22  to 22
21  to 21
21  to 21
17  to 17
20  to 20
20  to 20
16  to 16
23  to 23
17  to 17
20  to 20
14  to 14
23  to 23
17  to 17
23  to 23
15  to 15
20  to 20
19  to 19
18  to 18
20  to 20
21  to 21
20  to 20
17  to 17
18  to 18
23  to 23
19  to 19
20  to 20
17  to 17
17  to 17
25  to 25
22  to 22
21  to 21
18  to 18
22  to 22
24  to 24
19  to 19
20  to 20
18  to 18
23  to 23
19  to 19
20  to 20
24  to 24
24  to 24
20  to 20
22  to 22
21  to 21
19  to 19
19  to 19
23  to 23
23  to 23
14  to 14
19  to 19
22  to 22
24  to 24
19  to 19
17  to 17
21  to 21
18  to 18
14  to 14
17  to 17
19  to 19
12  to 12
22  to 22
19  to 19
21  to 21
22  to 22
22  to 22
20  to 20
14  to 14
23  to 23
23  to 23
21  to 21
23  to 23
21  to 21
19  to 19
19  to 19
20  to 20
17  to 17
22  to 22
20  to 20
19  to 19
19  to 19
22  to 22
18  to 18
21  to 21
23  to 23
18  to 18
20  to 20
18  to 18
20  to 20
17  to 17
23  to 23
19  to 19
19  to 19
17  to 17
16  to 16
20  to 20
21  to 21
19  to 19
23  to 23
22  to 22
21  to 21
21  to 21
21  to 21
18  to 18
22  to 22
20  to 20
20  to 20
18  to 18
20  to 20
21  to 21
16  to 16
18  to 18
23  to 23
17  to 17
18  to 18
21  to 21
18  to 18
20  to 20
22  to 22
20  to 20
24  to 24
19  to 19
24  to 24
19  to 19
21  to 21
19  to 19
22  to 22
21  to 21
21  to 21
22  to 22
22  to 22
14  to 14
22  to 22
24  to 24
24  to 24
25  to 25
23  to 23
24  to 24
24  to 24
26  to 26
23  to 23
25  to 25
25  to 25
24  to 24
26  to 26
23  to 23
23  to 23
24  to 24
22  to 22
24  to 24
24  to 24
20  to 20
22  to 22
24  to 24
23  to 23
27  to 27
24  to 24
25  to 25
23  to 23
24  to 24
24  to 24
24  to 24
23  to 23
24  to 24
23  to 23
20  to 20
19  to 19
23  to 23
23  to 23
21  to 21
23  to 23
23  to 23
24  to 24
24  to 24
18  to 18
23  to 23
25  to 25
20  to 20
23  to 23
21  to 21
24  to 24
18  to 18
25  to 25
23  to 23
25  to 25
24  to 24
24  to 24
25  to 25
24  to 24
23  to 23
20  to 20
24  to 24
24  to 24
23  to 23
26  to 26
24  to 24
21  to 21
22  to 22
23  to 23
22  to 22
23  to 23
25  to 25
23  to 23
23  to 23
24  to 24
21  to 21
23  to 23
26  to 26
24  to 24
24  to 24
23  to 23
24  to 24
24  to 24
20  to 20
24  to 24
23  to 23
23  to 23
23  to 23
25  to 25
24  to 24
22  to 22
25  to 25
21  to 21
25  to 25
24  to 24
23  to 23
23  to 23
23  to 23
23  to 23
23  to 23
20  to 20
23  to 23
23  to 23
21  to 21
23  to 23
20  to 20
25  to 25
26  to 26
24  to 24
23  to 23
23  to 23
24  to 24
23  to 23
19  to 19
24  to 24
22  to 22
23  to 23
23  to 23
24  to 24
23  to 23
21  to 21
23  to 23
22  to 22
23  to 23
23  to 23
26  to 26
25  to 25
21  to 21
25  to 25
25  to 25
21  to 21
22  to 22
25  to 25
24  to 24
21  to 21
23  to 23
24  to 24
24  to 24
22  to 22
24  to 24
23  to 23
25  to 25
22  to 22
24  to 24
21  to 21
23  to 23
23  to 23
24  to 24
25  to 25
23  to 23
25  to 25
24  to 24
24  to 24
22  to 22
23  to 23
21  to 21
23  to 23
21  to 21
24  to 24
25  to 25
25  to 25
24  to 24
24  to 24
22  to 22
24  to 24
24  to 24
24  to 24
22  to 22
24  to 24
22  to 22
21  to 21
25  to 25
22  to 22
22  to 22
26  to 26
25  to 25
23  to 23
22  to 22
22  to 22
24  to 24
23  to 23
24  to 24
23  to 23
25  to 25
23  to 23
23  to 23
21  to 21
26  to 26
25  to 25
26  to 26
25  to 25
23  to 23
23  to 23
25  to 25
24  to 24
26  to 26
24  to 24
25  to 25
22  to 22
25  to 25
24  to 24
24  to 24
22  to 22
27  to 27
25  to 25
25  to 25
23  to 23
24  to 24
28  to 28
25  to 25
27  to 27
26  to 26
25  to 25
22  to 22
25  to 25
25  to 25
26  to 26
25  to 25
24  to 24
26  to 26
26  to 26
24  to 24
24  to 24
25  to 25
25  to 25
24  to 24
26  to 26
25  to 25
26  to 26
24  to 24
24  to 24
26  to 26
22  to 22
23  to 23
26  to 26
24  to 24
27  to 27
26  to 26
27  to 27
26  to 26
22  to 22
24  to 24
24  to 24
24  to 24
27  to 27
26  to 26
25  to 25
24  to 24
26  to 26
25  to 25
25  to 25
25  to 25
27  to 27
27  to 27
26  to 26
27  to 27
24  to 24
24  to 24
25  to 25
25  to 25
24  to 24
27  to 27
26  to 26
27  to 27
26  to 26
28  to 28
24  to 24
26  to 26
25  to 25
25  to 25
25  to 25
23  to 23
25  to 25
26  to 26
28  to 28
24  to 24
23  to 23
26  to 26
26  to 26
26  to 26
24  to 24
25  to 25
24  to 24
24  to 24
26  to 26
25  to 25
27  to 27
25  to 25
27  to 27
25  to 25
24  to 24
23  to 23
25  to 25
28  to 28
23  to 23
26  to 26
26  to 26
25  to 25
24  to 24
24  to 24
26  to 26
24  to 24
25  to 25
24  to 24
26  to 26
24  to 24
24  to 24
23  to 23
27  to 27
24  to 24
25  to 25
24  to 24
27  to 27
22  to 22
25  to 25
28  to 28
27  to 27
28  to 28
22  to 22
28  to 28
26  to 26
26  to 26
25  to 25
26  to 26
27  to 27
25  to 25
24  to 24
27  to 27
26  to 26
27  to 27
26  to 26
24  to 24
27  to 27
26  to 26
23  to 23
27  to 27
20  to 20
25  to 25
25  to 25
25  to 25
27  to 27
26  to 26
26  to 26
27  to 27
26  to 26
25  to 25
27  to 27
27  to 27
26  to 26
24  to 24
27  to 27
23  to 23
24  to 24
24  to 24
23  to 23
24  to 24
23  to 23
24  to 24
23  to 23
25  to 25
24  to 24
26  to 26
24  to 24
25  to 25
29  to 29
25  to 25
26  to 26
26  to 26
27  to 27
26  to 26
25  to 25
25  to 25
25  to 25
27  to 27
23  to 23
26  to 26
25  to 25
24  to 24
25  to 25
24  to 24
24  to 24
26  to 26
23  to 23
24  to 24
23  to 23
27  to 27
27  to 27
25  to 25
25  to 25
25  to 25
24  to 24
25  to 25
26  to 26
26  to 26
25  to 25
27  to 27
25  to 25
25  to 25
25  to 25
24  to 24
24  to 24
26  to 26
24  to 24

9/72 (12.5%) bins unvisisted.
Converged to 1e-12 at step 201
Writing trajectory information to /Users/ritchie/Documents/Classes/S14/CH393L/project/wham/test_scripts/quad/1D_list.file.h5...
/Trajectories/Traj-0
/Trajectories/Traj-0/BiasingCoordinate
/Trajectories/Traj-0/BiasingCoordinate/DoF-0
/Trajectories/Traj-0/Bin
/Trajectories/Traj-0/FrameProb
/Trajectories/Traj-1
/Trajectories/Traj-1/BiasingCoordinate
/Trajectories/Traj-1/BiasingCoordinate/DoF-0
/Trajectories/Traj-1/Bin
/Trajectories/Traj-1/FrameProb
/Trajectories/Traj-2
/Trajectories/Traj-2/BiasingCoordinate
/Trajectories/Traj-2/BiasingCoordinate/DoF-0
/Trajectories/Traj-2/Bin
/Trajectories/Traj-2/FrameProb
/Trajectories/Traj-3
/Trajectories/Traj-3/BiasingCoordinate
/Trajectories/Traj-3/BiasingCoordinate/DoF-0
/Trajectories/Traj-3/Bin
/Trajectories/Traj-3/FrameProb
/Trajectories/Traj-4
/Trajectories/Traj-4/BiasingCoordinate
/Trajectories/Traj-4/BiasingCoordinate/DoF-0
/Trajectories/Traj-4/Bin
/Trajectories/Traj-4/FrameProb
/Trajectories/Traj-5
/Trajectories/Traj-5/BiasingCoordinate
/Trajectories/Traj-5/BiasingCoordinate/DoF-0
/Trajectories/Traj-5/Bin
/Trajectories/Traj-5/FrameProb
/Trajectories/Traj-6
/Trajectories/Traj-6/BiasingCoordinate
/Trajectories/Traj-6/BiasingCoordinate/DoF-0
/Trajectories/Traj-6/Bin
/Trajectories/Traj-6/FrameProb
/Trajectories/Traj-7
/Trajectories/Traj-7/BiasingCoordinate
/Trajectories/Traj-7/BiasingCoordinate/DoF-0
/Trajectories/Traj-7/Bin
/Trajectories/Traj-7/FrameProb
/Trajectories/Traj-8
/Trajectories/Traj-8/BiasingCoordinate
/Trajectories/Traj-8/BiasingCoordinate/DoF-0
/Trajectories/Traj-8/Bin
/Trajectories/Traj-8/FrameProb
/Trajectories/Traj-9
/Trajectories/Traj-9/BiasingCoordinate
/Trajectories/Traj-9/BiasingCoordinate/DoF-0
/Trajectories/Traj-9/Bin
/Trajectories/Traj-9/FrameProb
/Trajectories/Traj-10
/Trajectories/Traj-10/BiasingCoordinate
/Trajectories/Traj-10/BiasingCoordinate/DoF-0
/Trajectories/Traj-10/Bin
/Trajectories/Traj-10/FrameProb
/Trajectories/Traj-11
/Trajectories/Traj-11/BiasingCoordinate
/Trajectories/Traj-11/BiasingCoordinate/DoF-0
/Trajectories/Traj-11/Bin
/Trajectories/Traj-11/FrameProb
Writing WHAM output information to /Users/ritchie/Documents/Classes/S14/CH393L/project/wham/test_scripts/quad/1D_list.file.h5...
/Ensemble/Probability
/Ensemble/PMF
/Ensemble/BinCounts
