
   This is a multidimensional Weighted-Histrogram Analysis program writting in C++.  For more information about the algorithm employed, refer to 'BEFEUS: Bayesian Estimation of Free Energy for Umbrella Sampling' by Dr. Daniel L. Ensign.
    Currently, this build can only handle up to 3 degrees of freedom, but has only been tested up to 2.
   NOTE 1: Be sure to make sure the file list format correctly adheres to what is listed under the --f option information.  The trajectory # needs to be unique for each individual simulation.  This parameter is used to group different degrees of freedom to the same biased trajectory.  The numbering can start at 0 -or- 1.
   Note 2:  When using the --fb and --fe flags, the selection will show up at the begining and the end of the run, but the number of frames in each trajectory will still be listed as the total number of frames for tha trajectory, rather than however many were used.

   --f <file list>              : File containing a list of trajectories and
				  information about the umbrella potentials applied.
Format: <trajectory #> <coordinate file> <coordinate bias value (degrees)> <flat range (degrees)> <force constant (kJ mol^-1 rad^-2)> <temperature (K)>
 ---------------------------------------------------------------------------
   --o <out file>               : Output file name
   --fb <first frame>           : First frame to read.
   --fe <last frame>            : Last frame to read.
   --t <temperature>            : Default = 300 K
   --s <coordinate start>       : Default = -180 degrees
   --e <coordinate end>         : Default = 180 degrees
   --b <bin size>               : Default = 5
   --dof <degrees of freedom>   : Default = 1
   --tol <tolerance>            : Default = 1e-09
   --iter <iterations>          : Default = 50000
   --v                          : Be a little more verbose.
                                  Default = 0
--------------------------------------------------------------------------------
Will read /Users/ritchie/Documents/Classes/S14/CH393L/project/wham/test_scripts/quad/1D_list.file from frame 0 to end.
Temperature = 300 K
Thermal Energy = 2.49434 kJ/mol
Biasing coordinate range(s) = -180 to 180    
Bin size(s) = 5    
Degrees of freedom = 1
Will iterate up to 50000 times until converged to 1e-09.
Will write to /Users/ritchie/Documents/Classes/S14/CH393L/project/wham/test_scripts/quad/1D_list.file.mean
--------------------------------------------------------------------------------
Opening /Users/ritchie/Documents/Classes/S14/CH393L/project/wham/test_scripts/quad/1D_list.file
Reading data file: /Users/ritchie/Documents/Classes/S14/CH393L/project/wham/test_scripts/quad/dat_1d/0.dat from trajectory 0
Biasing coordinate centered on: 0 +/- 0
Force constant = 0.0152309 kJ/mol/degree^2 at temperature 300 kJ^-1.
1-Dimensional bin counts: [ 0 0 0 0 0 0 0 0 0 0 0 0 0 0 0 0 0 0 0 0 0 0 0 0 10 18 27 25 26 7 2 2 0 0 0 0 0 0 0 0 0 1 7 11 21 31 8 3 1 0 0 0 0 0 0 0 0 0 0 0 0 0 0 0 0 0 0 0 0 0 0 0 ]
Opening /Users/ritchie/Documents/Classes/S14/CH393L/project/wham/test_scripts/quad/1D_list.file
Reading data file: /Users/ritchie/Documents/Classes/S14/CH393L/project/wham/test_scripts/quad/dat_1d/1.dat from trajectory 1
Biasing coordinate centered on: 30 +/- 0
Force constant = 0.0152309 kJ/mol/degree^2 at temperature 300 kJ^-1.
1-Dimensional bin counts: [ 0 0 0 0 0 0 0 0 0 0 0 0 0 0 0 0 0 0 0 0 0 0 0 0 0 0 0 0 0 0 0 0 0 0 0 0 0 0 0 0 0 0 2 7 20 57 56 35 15 4 3 1 0 0 0 0 0 0 0 0 0 0 0 0 0 0 0 0 0 0 0 0 ]
Opening /Users/ritchie/Documents/Classes/S14/CH393L/project/wham/test_scripts/quad/1D_list.file
Reading data file: /Users/ritchie/Documents/Classes/S14/CH393L/project/wham/test_scripts/quad/dat_1d/2.dat from trajectory 2
Biasing coordinate centered on: 60 +/- 0
Force constant = 0.0152309 kJ/mol/degree^2 at temperature 300 kJ^-1.
1-Dimensional bin counts: [ 0 0 0 0 0 0 0 0 0 0 0 0 0 0 0 0 0 0 0 0 0 0 0 0 0 0 0 0 0 0 0 0 0 0 0 0 0 0 0 0 0 0 0 0 2 13 26 44 57 30 17 9 2 0 0 0 0 0 0 0 0 0 0 0 0 0 0 0 0 0 0 0 ]
Opening /Users/ritchie/Documents/Classes/S14/CH393L/project/wham/test_scripts/quad/1D_list.file
Reading data file: /Users/ritchie/Documents/Classes/S14/CH393L/project/wham/test_scripts/quad/dat_1d/3.dat from trajectory 3
Biasing coordinate centered on: 90 +/- 0
Force constant = 0.0152309 kJ/mol/degree^2 at temperature 300 kJ^-1.
1-Dimensional bin counts: [ 0 0 0 0 0 0 0 0 0 0 0 0 0 0 0 0 0 0 0 0 0 0 0 0 0 0 0 0 0 0 0 0 0 0 0 0 0 0 0 0 0 0 0 0 0 0 1 5 18 28 39 30 32 16 17 3 6 3 0 1 1 0 0 0 0 0 0 0 0 0 0 0 ]
Opening /Users/ritchie/Documents/Classes/S14/CH393L/project/wham/test_scripts/quad/1D_list.file
Reading data file: /Users/ritchie/Documents/Classes/S14/CH393L/project/wham/test_scripts/quad/dat_1d/4.dat from trajectory 4
Biasing coordinate centered on: 120 +/- 0
Force constant = 0.0152309 kJ/mol/degree^2 at temperature 300 kJ^-1.
1-Dimensional bin counts: [ 0 0 0 0 0 0 0 0 0 0 0 0 0 0 0 0 0 0 0 0 0 0 0 0 0 0 0 0 0 0 0 0 0 0 0 0 0 0 0 0 0 0 0 0 0 0 0 0 0 0 2 1 1 3 5 8 12 14 14 26 16 17 20 15 11 9 12 8 2 2 2 0 ]
Opening /Users/ritchie/Documents/Classes/S14/CH393L/project/wham/test_scripts/quad/1D_list.file
Reading data file: /Users/ritchie/Documents/Classes/S14/CH393L/project/wham/test_scripts/quad/dat_1d/5.dat from trajectory 5
Biasing coordinate centered on: 150 +/- 0
Force constant = 0.0152309 kJ/mol/degree^2 at temperature 300 kJ^-1.
1-Dimensional bin counts: [ 7 3 0 0 0 0 0 0 0 0 0 0 0 0 0 0 0 0 0 0 0 0 0 0 0 0 0 0 0 0 0 0 0 0 0 0 0 0 0 0 0 0 0 0 0 0 0 0 0 0 0 0 0 0 0 0 0 0 0 1 1 0 1 2 8 3 12 21 37 43 42 19 ]
Opening /Users/ritchie/Documents/Classes/S14/CH393L/project/wham/test_scripts/quad/1D_list.file
Reading data file: /Users/ritchie/Documents/Classes/S14/CH393L/project/wham/test_scripts/quad/dat_1d/6.dat from trajectory 6
Biasing coordinate centered on: 180 +/- 0
Force constant = 0.0152309 kJ/mol/degree^2 at temperature 300 kJ^-1.
1-Dimensional bin counts: [ 46 28 24 9 1 2 0 0 0 0 0 0 0 0 0 0 0 0 0 0 0 0 0 0 0 0 0 0 0 0 0 0 0 0 0 0 0 0 0 0 0 0 0 0 0 0 0 0 0 0 0 0 0 0 0 0 0 0 0 0 0 0 0 0 0 0 0 3 5 9 36 37 ]
Opening /Users/ritchie/Documents/Classes/S14/CH393L/project/wham/test_scripts/quad/1D_list.file
Reading data file: /Users/ritchie/Documents/Classes/S14/CH393L/project/wham/test_scripts/quad/dat_1d/7.dat from trajectory 7
Biasing coordinate centered on: 210 +/- 0
Force constant = 0.0152309 kJ/mol/degree^2 at temperature 300 kJ^-1.
1-Dimensional bin counts: [ 17 38 55 40 14 14 6 3 2 0 1 0 0 0 0 0 0 0 0 0 0 0 0 0 0 0 0 0 0 0 0 0 0 0 0 0 0 0 0 0 0 0 0 0 0 0 0 0 0 0 0 0 0 0 0 0 0 0 0 0 0 0 0 0 0 0 0 0 0 1 5 4 ]
Opening /Users/ritchie/Documents/Classes/S14/CH393L/project/wham/test_scripts/quad/1D_list.file
Reading data file: /Users/ritchie/Documents/Classes/S14/CH393L/project/wham/test_scripts/quad/dat_1d/8.dat from trajectory 8
Biasing coordinate centered on: 240 +/- 0
Force constant = 0.0152309 kJ/mol/degree^2 at temperature 300 kJ^-1.
1-Dimensional bin counts: [ 0 1 1 5 7 6 13 17 14 15 17 17 26 18 13 15 5 3 3 2 0 1 1 0 0 0 0 0 0 0 0 0 0 0 0 0 0 0 0 0 0 0 0 0 0 0 0 0 0 0 0 0 0 0 0 0 0 0 0 0 0 0 0 0 0 0 0 0 0 0 0 0 ]
Opening /Users/ritchie/Documents/Classes/S14/CH393L/project/wham/test_scripts/quad/1D_list.file
Reading data file: /Users/ritchie/Documents/Classes/S14/CH393L/project/wham/test_scripts/quad/dat_1d/9.dat from trajectory 9
Biasing coordinate centered on: 270 +/- 0
Force constant = 0.0152309 kJ/mol/degree^2 at temperature 300 kJ^-1.
1-Dimensional bin counts: [ 0 0 0 0 0 0 0 0 0 0 0 0 1 0 9 2 5 18 19 29 30 25 30 23 8 1 0 0 0 0 0 0 0 0 0 0 0 0 0 0 0 0 0 0 0 0 0 0 0 0 0 0 0 0 0 0 0 0 0 0 0 0 0 0 0 0 0 0 0 0 0 0 ]
Opening /Users/ritchie/Documents/Classes/S14/CH393L/project/wham/test_scripts/quad/1D_list.file
Reading data file: /Users/ritchie/Documents/Classes/S14/CH393L/project/wham/test_scripts/quad/dat_1d/10.dat from trajectory 10
Biasing coordinate centered on: 300 +/- 0
Force constant = 0.0152309 kJ/mol/degree^2 at temperature 300 kJ^-1.
1-Dimensional bin counts: [ 0 0 0 0 0 0 0 0 0 0 0 0 0 0 0 0 0 0 2 2 7 15 20 57 56 30 10 1 0 0 0 0 0 0 0 0 0 0 0 0 0 0 0 0 0 0 0 0 0 0 0 0 0 0 0 0 0 0 0 0 0 0 0 0 0 0 0 0 0 0 0 0 ]
Opening /Users/ritchie/Documents/Classes/S14/CH393L/project/wham/test_scripts/quad/1D_list.file
Reading data file: /Users/ritchie/Documents/Classes/S14/CH393L/project/wham/test_scripts/quad/dat_1d/11.dat from trajectory 11
Biasing coordinate centered on: 330 +/- 0
Force constant = 0.0152309 kJ/mol/degree^2 at temperature 300 kJ^-1.
1-Dimensional bin counts: [ 0 0 0 0 0 0 0 0 0 0 0 0 0 0 0 0 0 0 0 0 1 0 5 15 46 51 44 30 7 1 0 0 0 0 0 0 0 0 0 0 0 0 0 0 0 0 0 0 0 0 0 0 0 0 0 0 0 0 0 0 0 0 0 0 0 0 0 0 0 0 0 0 ]

Built (12x72) omega matrix.
1-Dimensional State counts: [ 70 70 80 54 22 22 19 20 16 15 18 17 27 18 22 17 10 21 24 33 38 41 56 95 120 100 81 56 33 8 2 2 0 0 0 0 0 0 0 0 0 1 9 18 43 101 91 87 91 62 61 41 35 19 22 11 18 17 14 28 18 17 21 17 19 12 24 32 44 55 85 60 ]

9 (12.5%) bins unvisited.  Consider additional sampling if this number is large.
Samples: [ 200 200 200 200 200 200 200 200 200 200 200 200 ]
OPTIMIZING
Converged to 1e-09 at step 119
Ran 119 points of optimization.
[ 0.119023 0.106101 0.0953088 0.0469788 0.0135306 0.0092063 0.00508026 0.00326423 0.00162162 0.00102186 0.000925967 0.000746187 0.00116914 0.000869427 0.00130075 0.00127857 0.000932763 0.00231054 0.00307128 0.00509518 0.0074632 0.0104219 0.0172915 0.0305947 0.0326759 0.018255 0.00793352 0.00245343 0.000583155 5.67033e-05 6.19492e-06 2.99164e-06 0 0 0 0 0 0 0 0 0 3.05288e-06 6.22274e-05 0.000298719 0.00166317 0.00814998 0.0130683 0.0184747 0.0234106 0.0159819 0.0135413 0.00725036 0.00493127 0.00221602 0.0021733 0.000897282 0.00115104 0.000837741 0.000557903 0.000996376 0.00064872 0.000716811 0.00117208 0.00141119 0.0025391 0.00262703 0.00823443 0.0162282 0.0320355 0.0565494 0.11693 0.0986672 ]

Potential of mean force written to /Users/ritchie/Documents/Classes/S14/CH393L/project/wham/test_scripts/quad/1D_list.file.mean.
Probabilities written to /Users/ritchie/Documents/Classes/S14/CH393L/project/wham/test_scripts/quad/1D_list.file.prob.
--------------------------------------------------------------------------------
Read /Users/ritchie/Documents/Classes/S14/CH393L/project/wham/test_scripts/quad/1D_list.file from frame 0 to end.
Temperature = 300 K
Thermal Energy = 2.49434 kJ/mol
Biasing coordinate range(s) = -180 to 180    
Bin size(s) = 5    
Degrees of freedom = 1
Converged to 1e-09.
--------------------------------------------------------------------------------
