This file contains any messages produced by compilers while
running configure, to aid debugging if configure makes a mistake.

It was created by wham configure 2.0, which was
generated by GNU Autoconf 2.69.  Invocation command line was

  $ ./configure 

## --------- ##
## Platform. ##
## --------- ##

hostname = 4312-ce644.cm.utexas.edu
uname -m = x86_64
uname -r = 13.1.0
uname -s = Darwin
uname -v = Darwin Kernel Version 13.1.0: Thu Jan 16 19:40:37 PST 2014; root:xnu-2422.90.20~2/RELEASE_X86_64

/usr/bin/uname -p = i386
/bin/uname -X     = unknown

/bin/arch              = unknown
/usr/bin/arch -k       = unknown
/usr/convex/getsysinfo = unknown
/usr/bin/hostinfo      = Mach kernel version:
	 Darwin Kernel Version 13.1.0: Thu Jan 16 19:40:37 PST 2014; root:xnu-2422.90.20~2/RELEASE_X86_64
Kernel configured for up to 8 processors.
4 processors are physically available.
8 processors are logically available.
Processor type: i486 (Intel 80486)
Processors active: 0 1 2 3 4 5 6 7
Primary memory available: 16.00 gigabytes
Default processor set: 280 tasks, 1172 threads, 8 processors
Load average: 1.31, Mach factor: 6.68
/bin/machine           = unknown
/usr/bin/oslevel       = unknown
/bin/universe          = unknown

PATH: /usr/local/gromacs/bin
PATH: /opt/local/bin
PATH: /opt/local/sbin
PATH: /usr/local/bin
PATH: /usr/bin
PATH: /bin
PATH: /usr/sbin
PATH: /sbin
PATH: /usr/X11/bin
PATH: /usr/local/gromacs/bin
PATH: /usr/local/apbs/bin
PATH: /usr/X11R6/bin
PATH: /Users/ritchie/software/tinker/bin
PATH: /Users/ritchie/software/amber12/bin
PATH: /anaconda/bin


## ----------- ##
## Core tests. ##
## ----------- ##

configure:2134: checking for a BSD-compatible install
configure:2202: result: /usr/bin/install -c
configure:2213: checking whether build environment is sane
configure:2268: result: yes
configure:2419: checking for a thread-safe mkdir -p
configure:2458: result: ./install-sh -c -d
configure:2465: checking for gawk
configure:2495: result: no
configure:2465: checking for mawk
configure:2495: result: no
configure:2465: checking for nawk
configure:2495: result: no
configure:2465: checking for awk
configure:2481: found /usr/bin/awk
configure:2492: result: awk
configure:2503: checking whether make sets $(MAKE)
configure:2525: result: yes
configure:2554: checking whether make supports nested variables
configure:2571: result: yes
configure:2756: checking for g++
configure:2772: found /usr/bin/g++
configure:2783: result: g++
configure:2810: checking for C++ compiler version
configure:2819: g++ --version >&5
Apple LLVM version 5.1 (clang-503.0.38) (based on LLVM 3.4svn)
Target: x86_64-apple-darwin13.1.0
Thread model: posix
Configured with: --prefix=/Applications/Xcode.app/Contents/Developer/usr --with-gxx-include-dir=/usr/include/c++/4.2.1
configure:2830: $? = 0
configure:2819: g++ -v >&5
Configured with: --prefix=/Applications/Xcode.app/Contents/Developer/usr --with-gxx-include-dir=/usr/include/c++/4.2.1
Apple LLVM version 5.1 (clang-503.0.38) (based on LLVM 3.4svn)
Target: x86_64-apple-darwin13.1.0
Thread model: posix
configure:2830: $? = 0
configure:2819: g++ -V >&5
clang: error: argument to '-V' is missing (expected 1 value)
clang: error: no input files
configure:2830: $? = 1
configure:2819: g++ -qversion >&5
clang: error: unknown argument: '-qversion' [-Wunused-command-line-argument-hard-error-in-future]
clang: note: this will be a hard error (cannot be downgraded to a warning) in the future
clang: error: no input files
configure:2830: $? = 1
configure:2850: checking whether the C++ compiler works
configure:2872: g++    conftest.cpp  >&5
configure:2876: $? = 0
configure:2924: result: yes
configure:2927: checking for C++ compiler default output file name
configure:2929: result: a.out
configure:2935: checking for suffix of executables
configure:2942: g++ -o conftest    conftest.cpp  >&5
configure:2946: $? = 0
configure:2968: result: 
configure:2990: checking whether we are cross compiling
configure:2998: g++ -o conftest    conftest.cpp  >&5
configure:3002: $? = 0
configure:3009: ./conftest
configure:3013: $? = 0
configure:3028: result: no
configure:3033: checking for suffix of object files
configure:3055: g++ -c   conftest.cpp >&5
configure:3059: $? = 0
configure:3080: result: o
configure:3084: checking whether we are using the GNU C++ compiler
configure:3103: g++ -c   conftest.cpp >&5
configure:3103: $? = 0
configure:3112: result: yes
configure:3121: checking whether g++ accepts -g
configure:3141: g++ -c -g  conftest.cpp >&5
configure:3141: $? = 0
configure:3182: result: yes
configure:3216: checking for style of include used by make
configure:3244: result: GNU
configure:3270: checking dependency style of g++
configure:3381: result: gcc3
configure:3444: checking for gcc
configure:3460: found /usr/bin/gcc
configure:3471: result: gcc
configure:3700: checking for C compiler version
configure:3709: gcc --version >&5
Apple LLVM version 5.1 (clang-503.0.38) (based on LLVM 3.4svn)
Target: x86_64-apple-darwin13.1.0
Thread model: posix
Configured with: --prefix=/Applications/Xcode.app/Contents/Developer/usr --with-gxx-include-dir=/usr/include/c++/4.2.1
configure:3720: $? = 0
configure:3709: gcc -v >&5
Configured with: --prefix=/Applications/Xcode.app/Contents/Developer/usr --with-gxx-include-dir=/usr/include/c++/4.2.1
Apple LLVM version 5.1 (clang-503.0.38) (based on LLVM 3.4svn)
Target: x86_64-apple-darwin13.1.0
Thread model: posix
configure:3720: $? = 0
configure:3709: gcc -V >&5
clang: error: argument to '-V' is missing (expected 1 value)
clang: error: no input files
configure:3720: $? = 1
configure:3709: gcc -qversion >&5
clang: error: unknown argument: '-qversion' [-Wunused-command-line-argument-hard-error-in-future]
clang: note: this will be a hard error (cannot be downgraded to a warning) in the future
clang: error: no input files
configure:3720: $? = 1
configure:3724: checking whether we are using the GNU C compiler
configure:3743: gcc -c   conftest.c >&5
configure:3743: $? = 0
configure:3752: result: yes
configure:3761: checking whether gcc accepts -g
configure:3781: gcc -c -g  conftest.c >&5
configure:3781: $? = 0
configure:3822: result: yes
configure:3839: checking for gcc option to accept ISO C89
configure:3902: gcc  -c -g -O2  conftest.c >&5
configure:3902: $? = 0
configure:3915: result: none needed
configure:3940: checking whether gcc understands -c and -o together
configure:3962: gcc -c conftest.c -o conftest2.o
configure:3965: $? = 0
configure:3962: gcc -c conftest.c -o conftest2.o
configure:3965: $? = 0
configure:3977: result: yes
configure:3996: checking dependency style of gcc
configure:4107: result: gcc3
configure:4126: checking for main in -lboost_program_options
configure:4145: gcc -o conftest -g -O2   conftest.c -lboost_program_options   >&5
configure:4145: $? = 0
configure:4154: result: yes
configure:4169: checking for main in -lhdf5
configure:4188: gcc -o conftest -g -O2   conftest.c -lhdf5  -lboost_program_options  >&5
configure:4188: $? = 0
configure:4197: result: yes
configure:4212: checking for main in -lhdf5_cpp
configure:4231: gcc -o conftest -g -O2   conftest.c -lhdf5_cpp  -lhdf5 -lboost_program_options  >&5
configure:4231: $? = 0
configure:4240: result: yes
configure:4255: checking for main in -lhdf5_hl_cpp
configure:4274: gcc -o conftest -g -O2   conftest.c -lhdf5_hl_cpp  -lhdf5_cpp -lhdf5 -lboost_program_options  >&5
configure:4274: $? = 0
configure:4283: result: yes
configure:4298: checking for main in -lm
configure:4317: gcc -o conftest -g -O2   conftest.c -lm  -lhdf5_hl_cpp -lhdf5_cpp -lhdf5 -lboost_program_options  >&5
configure:4317: $? = 0
configure:4326: result: yes
configure:4341: checking for main in -lz
configure:4360: gcc -o conftest -g -O2   conftest.c -lz  -lm -lhdf5_hl_cpp -lhdf5_cpp -lhdf5 -lboost_program_options  >&5
configure:4360: $? = 0
configure:4369: result: yes
configure:4392: checking how to run the C preprocessor
configure:4423: gcc -E  conftest.c
configure:4423: $? = 0
configure:4437: gcc -E  conftest.c
conftest.c:17:10: fatal error: 'ac_nonexistent.h' file not found
#include <ac_nonexistent.h>
         ^
1 error generated.
configure:4437: $? = 1
configure: failed program was:
| /* confdefs.h */
| #define PACKAGE_NAME "wham"
| #define PACKAGE_TARNAME "wham"
| #define PACKAGE_VERSION "2.0"
| #define PACKAGE_STRING "wham 2.0"
| #define PACKAGE_BUGREPORT "drew.w.ritchie@gmail.com"
| #define PACKAGE_URL ""
| #define PACKAGE "wham"
| #define VERSION "2.0"
| #define HAVE_LIBBOOST_PROGRAM_OPTIONS 1
| #define HAVE_LIBHDF5 1
| #define HAVE_LIBHDF5_CPP 1
| #define HAVE_LIBHDF5_HL_CPP 1
| #define HAVE_LIBM 1
| #define HAVE_LIBZ 1
| /* end confdefs.h.  */
| #include <ac_nonexistent.h>
configure:4462: result: gcc -E
configure:4482: gcc -E  conftest.c
configure:4482: $? = 0
configure:4496: gcc -E  conftest.c
conftest.c:17:10: fatal error: 'ac_nonexistent.h' file not found
#include <ac_nonexistent.h>
         ^
1 error generated.
configure:4496: $? = 1
configure: failed program was:
| /* confdefs.h */
| #define PACKAGE_NAME "wham"
| #define PACKAGE_TARNAME "wham"
| #define PACKAGE_VERSION "2.0"
| #define PACKAGE_STRING "wham 2.0"
| #define PACKAGE_BUGREPORT "drew.w.ritchie@gmail.com"
| #define PACKAGE_URL ""
| #define PACKAGE "wham"
| #define VERSION "2.0"
| #define HAVE_LIBBOOST_PROGRAM_OPTIONS 1
| #define HAVE_LIBHDF5 1
| #define HAVE_LIBHDF5_CPP 1
| #define HAVE_LIBHDF5_HL_CPP 1
| #define HAVE_LIBM 1
| #define HAVE_LIBZ 1
| /* end confdefs.h.  */
| #include <ac_nonexistent.h>
configure:4525: checking for grep that handles long lines and -e
configure:4583: result: /usr/bin/grep
configure:4588: checking for egrep
configure:4650: result: /usr/bin/grep -E
configure:4655: checking for ANSI C header files
configure:4675: gcc -c -g -O2  conftest.c >&5
configure:4675: $? = 0
configure:4748: gcc -o conftest -g -O2   conftest.c -lz -lm -lhdf5_hl_cpp -lhdf5_cpp -lhdf5 -lboost_program_options  >&5
configure:4748: $? = 0
configure:4748: ./conftest
configure:4748: $? = 0
configure:4759: result: yes
configure:4772: checking for sys/types.h
configure:4772: gcc -c -g -O2  conftest.c >&5
configure:4772: $? = 0
configure:4772: result: yes
configure:4772: checking for sys/stat.h
configure:4772: gcc -c -g -O2  conftest.c >&5
configure:4772: $? = 0
configure:4772: result: yes
configure:4772: checking for stdlib.h
configure:4772: gcc -c -g -O2  conftest.c >&5
configure:4772: $? = 0
configure:4772: result: yes
configure:4772: checking for string.h
configure:4772: gcc -c -g -O2  conftest.c >&5
configure:4772: $? = 0
configure:4772: result: yes
configure:4772: checking for memory.h
configure:4772: gcc -c -g -O2  conftest.c >&5
configure:4772: $? = 0
configure:4772: result: yes
configure:4772: checking for strings.h
configure:4772: gcc -c -g -O2  conftest.c >&5
configure:4772: $? = 0
configure:4772: result: yes
configure:4772: checking for inttypes.h
configure:4772: gcc -c -g -O2  conftest.c >&5
configure:4772: $? = 0
configure:4772: result: yes
configure:4772: checking for stdint.h
configure:4772: gcc -c -g -O2  conftest.c >&5
configure:4772: $? = 0
configure:4772: result: yes
configure:4772: checking for unistd.h
configure:4772: gcc -c -g -O2  conftest.c >&5
configure:4772: $? = 0
configure:4772: result: yes
configure:4784: checking for stdbool.h that conforms to C99
configure:4851: gcc -c -g -O2  conftest.c >&5
configure:4851: $? = 0
configure:4858: result: yes
configure:4860: checking for _Bool
configure:4860: gcc -c -g -O2  conftest.c >&5
configure:4860: $? = 0
configure:4860: gcc -c -g -O2  conftest.c >&5
conftest.c:63:20: error: expected expression
if (sizeof ((_Bool)))
                   ^
1 error generated.
configure:4860: $? = 1
configure: failed program was:
| /* confdefs.h */
| #define PACKAGE_NAME "wham"
| #define PACKAGE_TARNAME "wham"
| #define PACKAGE_VERSION "2.0"
| #define PACKAGE_STRING "wham 2.0"
| #define PACKAGE_BUGREPORT "drew.w.ritchie@gmail.com"
| #define PACKAGE_URL ""
| #define PACKAGE "wham"
| #define VERSION "2.0"
| #define HAVE_LIBBOOST_PROGRAM_OPTIONS 1
| #define HAVE_LIBHDF5 1
| #define HAVE_LIBHDF5_CPP 1
| #define HAVE_LIBHDF5_HL_CPP 1
| #define HAVE_LIBM 1
| #define HAVE_LIBZ 1
| #define STDC_HEADERS 1
| #define HAVE_SYS_TYPES_H 1
| #define HAVE_SYS_STAT_H 1
| #define HAVE_STDLIB_H 1
| #define HAVE_STRING_H 1
| #define HAVE_MEMORY_H 1
| #define HAVE_STRINGS_H 1
| #define HAVE_INTTYPES_H 1
| #define HAVE_STDINT_H 1
| #define HAVE_UNISTD_H 1
| /* end confdefs.h.  */
| #include <stdio.h>
| #ifdef HAVE_SYS_TYPES_H
| # include <sys/types.h>
| #endif
| #ifdef HAVE_SYS_STAT_H
| # include <sys/stat.h>
| #endif
| #ifdef STDC_HEADERS
| # include <stdlib.h>
| # include <stddef.h>
| #else
| # ifdef HAVE_STDLIB_H
| #  include <stdlib.h>
| # endif
| #endif
| #ifdef HAVE_STRING_H
| # if !defined STDC_HEADERS && defined HAVE_MEMORY_H
| #  include <memory.h>
| # endif
| # include <string.h>
| #endif
| #ifdef HAVE_STRINGS_H
| # include <strings.h>
| #endif
| #ifdef HAVE_INTTYPES_H
| # include <inttypes.h>
| #endif
| #ifdef HAVE_STDINT_H
| # include <stdint.h>
| #endif
| #ifdef HAVE_UNISTD_H
| # include <unistd.h>
| #endif
| int
| main ()
| {
| if (sizeof ((_Bool)))
| 	    return 0;
|   ;
|   return 0;
| }
configure:4860: result: yes
configure:4871: checking for size_t
configure:4871: gcc -c -g -O2  conftest.c >&5
configure:4871: $? = 0
configure:4871: gcc -c -g -O2  conftest.c >&5
conftest.c:64:21: error: expected expression
if (sizeof ((size_t)))
                    ^
1 error generated.
configure:4871: $? = 1
configure: failed program was:
| /* confdefs.h */
| #define PACKAGE_NAME "wham"
| #define PACKAGE_TARNAME "wham"
| #define PACKAGE_VERSION "2.0"
| #define PACKAGE_STRING "wham 2.0"
| #define PACKAGE_BUGREPORT "drew.w.ritchie@gmail.com"
| #define PACKAGE_URL ""
| #define PACKAGE "wham"
| #define VERSION "2.0"
| #define HAVE_LIBBOOST_PROGRAM_OPTIONS 1
| #define HAVE_LIBHDF5 1
| #define HAVE_LIBHDF5_CPP 1
| #define HAVE_LIBHDF5_HL_CPP 1
| #define HAVE_LIBM 1
| #define HAVE_LIBZ 1
| #define STDC_HEADERS 1
| #define HAVE_SYS_TYPES_H 1
| #define HAVE_SYS_STAT_H 1
| #define HAVE_STDLIB_H 1
| #define HAVE_STRING_H 1
| #define HAVE_MEMORY_H 1
| #define HAVE_STRINGS_H 1
| #define HAVE_INTTYPES_H 1
| #define HAVE_STDINT_H 1
| #define HAVE_UNISTD_H 1
| #define HAVE__BOOL 1
| /* end confdefs.h.  */
| #include <stdio.h>
| #ifdef HAVE_SYS_TYPES_H
| # include <sys/types.h>
| #endif
| #ifdef HAVE_SYS_STAT_H
| # include <sys/stat.h>
| #endif
| #ifdef STDC_HEADERS
| # include <stdlib.h>
| # include <stddef.h>
| #else
| # ifdef HAVE_STDLIB_H
| #  include <stdlib.h>
| # endif
| #endif
| #ifdef HAVE_STRING_H
| # if !defined STDC_HEADERS && defined HAVE_MEMORY_H
| #  include <memory.h>
| # endif
| # include <string.h>
| #endif
| #ifdef HAVE_STRINGS_H
| # include <strings.h>
| #endif
| #ifdef HAVE_INTTYPES_H
| # include <inttypes.h>
| #endif
| #ifdef HAVE_STDINT_H
| # include <stdint.h>
| #endif
| #ifdef HAVE_UNISTD_H
| # include <unistd.h>
| #endif
| int
| main ()
| {
| if (sizeof ((size_t)))
| 	    return 0;
|   ;
|   return 0;
| }
configure:4871: result: yes
configure:5034: checking that generated files are newer than configure
configure:5040: result: done
configure:5067: creating ./config.status

## ---------------------- ##
## Running config.status. ##
## ---------------------- ##

This file was extended by wham config.status 2.0, which was
generated by GNU Autoconf 2.69.  Invocation command line was

  CONFIG_FILES    = 
  CONFIG_HEADERS  = 
  CONFIG_LINKS    = 
  CONFIG_COMMANDS = 
  $ ./config.status 

on 4312-ce644.cm.utexas.edu

config.status:784: creating src/Makefile
config.status:784: creating Makefile
config.status:956: executing depfiles commands

## ---------------- ##
## Cache variables. ##
## ---------------- ##

ac_cv_c_compiler_gnu=yes
ac_cv_cxx_compiler_gnu=yes
ac_cv_env_CCC_set=
ac_cv_env_CCC_value=
ac_cv_env_CC_set=
ac_cv_env_CC_value=
ac_cv_env_CFLAGS_set=
ac_cv_env_CFLAGS_value=
ac_cv_env_CPPFLAGS_set=
ac_cv_env_CPPFLAGS_value=
ac_cv_env_CPP_set=
ac_cv_env_CPP_value=
ac_cv_env_CXXFLAGS_set=
ac_cv_env_CXXFLAGS_value=
ac_cv_env_CXX_set=
ac_cv_env_CXX_value=
ac_cv_env_LDFLAGS_set=
ac_cv_env_LDFLAGS_value=
ac_cv_env_LIBS_set=
ac_cv_env_LIBS_value=
ac_cv_env_build_alias_set=
ac_cv_env_build_alias_value=
ac_cv_env_host_alias_set=
ac_cv_env_host_alias_value=
ac_cv_env_target_alias_set=
ac_cv_env_target_alias_value=
ac_cv_header_inttypes_h=yes
ac_cv_header_memory_h=yes
ac_cv_header_stdbool_h=yes
ac_cv_header_stdc=yes
ac_cv_header_stdint_h=yes
ac_cv_header_stdlib_h=yes
ac_cv_header_string_h=yes
ac_cv_header_strings_h=yes
ac_cv_header_sys_stat_h=yes
ac_cv_header_sys_types_h=yes
ac_cv_header_unistd_h=yes
ac_cv_lib_boost_program_options_main=yes
ac_cv_lib_hdf5_cpp_main=yes
ac_cv_lib_hdf5_hl_cpp_main=yes
ac_cv_lib_hdf5_main=yes
ac_cv_lib_m_main=yes
ac_cv_lib_z_main=yes
ac_cv_objext=o
ac_cv_path_EGREP='/usr/bin/grep -E'
ac_cv_path_GREP=/usr/bin/grep
ac_cv_path_install='/usr/bin/install -c'
ac_cv_prog_AWK=awk
ac_cv_prog_CPP='gcc -E'
ac_cv_prog_ac_ct_CC=gcc
ac_cv_prog_ac_ct_CXX=g++
ac_cv_prog_cc_c89=
ac_cv_prog_cc_g=yes
ac_cv_prog_cxx_g=yes
ac_cv_prog_make_make_set=yes
ac_cv_type__Bool=yes
ac_cv_type_size_t=yes
am_cv_CC_dependencies_compiler_type=gcc3
am_cv_CXX_dependencies_compiler_type=gcc3
am_cv_make_support_nested_variables=yes
am_cv_prog_cc_c_o=yes

## ----------------- ##
## Output variables. ##
## ----------------- ##

ACLOCAL='${SHELL} /Users/ritchie/software/wham/wham-2.0/missing aclocal-1.14'
AMDEPBACKSLASH='\'
AMDEP_FALSE='#'
AMDEP_TRUE=''
AMTAR='$${TAR-tar}'
AM_BACKSLASH='\'
AM_DEFAULT_V='$(AM_DEFAULT_VERBOSITY)'
AM_DEFAULT_VERBOSITY='1'
AM_V='$(V)'
AUTOCONF='${SHELL} /Users/ritchie/software/wham/wham-2.0/missing autoconf'
AUTOHEADER='${SHELL} /Users/ritchie/software/wham/wham-2.0/missing autoheader'
AUTOMAKE='${SHELL} /Users/ritchie/software/wham/wham-2.0/missing automake-1.14'
AWK='awk'
CC='gcc'
CCDEPMODE='depmode=gcc3'
CFLAGS='-g -O2'
CPP='gcc -E'
CPPFLAGS=''
CXX='g++'
CXXDEPMODE='depmode=gcc3'
CXXFLAGS='-g -O2'
CYGPATH_W='echo'
DEFS='-DPACKAGE_NAME=\"wham\" -DPACKAGE_TARNAME=\"wham\" -DPACKAGE_VERSION=\"2.0\" -DPACKAGE_STRING=\"wham\ 2.0\" -DPACKAGE_BUGREPORT=\"drew.w.ritchie@gmail.com\" -DPACKAGE_URL=\"\" -DPACKAGE=\"wham\" -DVERSION=\"2.0\" -DHAVE_LIBBOOST_PROGRAM_OPTIONS=1 -DHAVE_LIBHDF5=1 -DHAVE_LIBHDF5_CPP=1 -DHAVE_LIBHDF5_HL_CPP=1 -DHAVE_LIBM=1 -DHAVE_LIBZ=1 -DSTDC_HEADERS=1 -DHAVE_SYS_TYPES_H=1 -DHAVE_SYS_STAT_H=1 -DHAVE_STDLIB_H=1 -DHAVE_STRING_H=1 -DHAVE_MEMORY_H=1 -DHAVE_STRINGS_H=1 -DHAVE_INTTYPES_H=1 -DHAVE_STDINT_H=1 -DHAVE_UNISTD_H=1 -DHAVE__BOOL=1'
DEPDIR='.deps'
ECHO_C='\c'
ECHO_N=''
ECHO_T=''
EGREP='/usr/bin/grep -E'
EXEEXT=''
GREP='/usr/bin/grep'
INSTALL_DATA='${INSTALL} -m 644'
INSTALL_PROGRAM='${INSTALL}'
INSTALL_SCRIPT='${INSTALL}'
INSTALL_STRIP_PROGRAM='$(install_sh) -c -s'
LDFLAGS=''
LIBOBJS=''
LIBS='-lz -lm -lhdf5_hl_cpp -lhdf5_cpp -lhdf5 -lboost_program_options '
LTLIBOBJS=''
MAKEINFO='${SHELL} /Users/ritchie/software/wham/wham-2.0/missing makeinfo'
MKDIR_P='./install-sh -c -d'
OBJEXT='o'
PACKAGE='wham'
PACKAGE_BUGREPORT='drew.w.ritchie@gmail.com'
PACKAGE_NAME='wham'
PACKAGE_STRING='wham 2.0'
PACKAGE_TARNAME='wham'
PACKAGE_URL=''
PACKAGE_VERSION='2.0'
PATH_SEPARATOR=':'
SET_MAKE=''
SHELL='/bin/sh'
STRIP=''
VERSION='2.0'
ac_ct_CC='gcc'
ac_ct_CXX='g++'
am__EXEEXT_FALSE=''
am__EXEEXT_TRUE='#'
am__fastdepCC_FALSE='#'
am__fastdepCC_TRUE=''
am__fastdepCXX_FALSE='#'
am__fastdepCXX_TRUE=''
am__include='include'
am__isrc=''
am__leading_dot='.'
am__nodep='_no'
am__quote=''
am__tar='$${TAR-tar} chof - "$$tardir"'
am__untar='$${TAR-tar} xf -'
bindir='${exec_prefix}/bin'
build_alias=''
datadir='${datarootdir}'
datarootdir='${prefix}/share'
docdir='${datarootdir}/doc/${PACKAGE_TARNAME}'
dvidir='${docdir}'
exec_prefix='${prefix}'
host_alias=''
htmldir='${docdir}'
includedir='${prefix}/include'
infodir='${datarootdir}/info'
install_sh='${SHELL} /Users/ritchie/software/wham/wham-2.0/install-sh'
libdir='${exec_prefix}/lib'
libexecdir='${exec_prefix}/libexec'
localedir='${datarootdir}/locale'
localstatedir='${prefix}/var'
mandir='${datarootdir}/man'
mkdir_p='$(MKDIR_P)'
oldincludedir='/usr/include'
pdfdir='${docdir}'
prefix='/usr/local'
program_transform_name='s,x,x,'
psdir='${docdir}'
sbindir='${exec_prefix}/sbin'
sharedstatedir='${prefix}/com'
sysconfdir='${prefix}/etc'
target_alias=''

## ----------- ##
## confdefs.h. ##
## ----------- ##

/* confdefs.h */
#define PACKAGE_NAME "wham"
#define PACKAGE_TARNAME "wham"
#define PACKAGE_VERSION "2.0"
#define PACKAGE_STRING "wham 2.0"
#define PACKAGE_BUGREPORT "drew.w.ritchie@gmail.com"
#define PACKAGE_URL ""
#define PACKAGE "wham"
#define VERSION "2.0"
#define HAVE_LIBBOOST_PROGRAM_OPTIONS 1
#define HAVE_LIBHDF5 1
#define HAVE_LIBHDF5_CPP 1
#define HAVE_LIBHDF5_HL_CPP 1
#define HAVE_LIBM 1
#define HAVE_LIBZ 1
#define STDC_HEADERS 1
#define HAVE_SYS_TYPES_H 1
#define HAVE_SYS_STAT_H 1
#define HAVE_STDLIB_H 1
#define HAVE_STRING_H 1
#define HAVE_MEMORY_H 1
#define HAVE_STRINGS_H 1
#define HAVE_INTTYPES_H 1
#define HAVE_STDINT_H 1
#define HAVE_UNISTD_H 1
#define HAVE__BOOL 1

configure: exit 0

## ---------------------- ##
## Running config.status. ##
## ---------------------- ##

This file was extended by wham config.status 2.0, which was
generated by GNU Autoconf 2.69.  Invocation command line was

  CONFIG_FILES    = 
  CONFIG_HEADERS  = 
  CONFIG_LINKS    = 
  CONFIG_COMMANDS = 
  $ ./config.status src/Makefile depfiles

on 4312-ce644.cm.utexas.edu

config.status:784: creating src/Makefile
config.status:956: executing depfiles commands
